

Started GET "/" for ::1 at 2016-01-04 16:22:23 -0500
Processing by Rails::WelcomeController#index as HTML
  Rendered /usr/local/lib/ruby/gems/2.2.0/gems/railties-4.2.4/lib/rails/templates/rails/welcome/index.html.erb (2.4ms)
Completed 200 OK in 22ms (Views: 12.3ms | ActiveRecord: 0.0ms)
  [1m[36m (1.2ms)[0m  [1mCREATE TABLE "schema_migrations" ("version" varchar NOT NULL) [0m
  [1m[35m (0.4ms)[0m  select sqlite_version(*)
  [1m[36m (0.9ms)[0m  [1mCREATE UNIQUE INDEX "unique_schema_migrations" ON "schema_migrations" ("version")[0m
  [1m[35mActiveRecord::SchemaMigration Load (0.1ms)[0m  SELECT "schema_migrations".* FROM "schema_migrations"
Migrating to CreateTeams (20160104212335)
  [1m[36m (0.1ms)[0m  [1mbegin transaction[0m
  [1m[35m (0.4ms)[0m  CREATE TABLE "teams" ("id" INTEGER PRIMARY KEY AUTOINCREMENT NOT NULL, "city" varchar, "nickname" varchar, "division" varchar, "wins" integer, "losses" integer, "created_at" datetime NOT NULL, "updated_at" datetime NOT NULL) 
  [1m[36mSQL (0.2ms)[0m  [1mINSERT INTO "schema_migrations" ("version") VALUES (?)[0m  [["version", "20160104212335"]]
  [1m[35m (0.9ms)[0m  commit transaction
  [1m[36mActiveRecord::SchemaMigration Load (0.1ms)[0m  [1mSELECT "schema_migrations".* FROM "schema_migrations"[0m
  [1m[36mActiveRecord::SchemaMigration Load (0.1ms)[0m  [1mSELECT "schema_migrations".* FROM "schema_migrations"[0m
Migrating to ChangeDivisionToConference (20160104214502)
  [1m[35m (0.1ms)[0m  begin transaction
  [1m[36m (0.6ms)[0m  [1mCREATE TEMPORARY TABLE "ateams" ("id" INTEGER PRIMARY KEY AUTOINCREMENT NOT NULL, "city" varchar, "nickname" varchar, "conference" varchar, "wins" integer, "losses" integer, "created_at" datetime NOT NULL, "updated_at" datetime NOT NULL) [0m
  [1m[35m (0.6ms)[0m  SELECT * FROM "teams"
  [1m[36m (1.5ms)[0m  [1mDROP TABLE "teams"[0m
  [1m[35m (0.2ms)[0m  CREATE TABLE "teams" ("id" INTEGER PRIMARY KEY AUTOINCREMENT NOT NULL, "city" varchar, "nickname" varchar, "conference" varchar, "wins" integer, "losses" integer, "created_at" datetime NOT NULL, "updated_at" datetime NOT NULL) 
  [1m[36m (0.1ms)[0m  [1mSELECT * FROM "ateams"[0m
  [1m[35m (0.4ms)[0m  DROP TABLE "ateams"
  [1m[36mSQL (0.2ms)[0m  [1mINSERT INTO "schema_migrations" ("version") VALUES (?)[0m  [["version", "20160104214502"]]
  [1m[35m (1.2ms)[0m  commit transaction
  [1m[36mActiveRecord::SchemaMigration Load (0.2ms)[0m  [1mSELECT "schema_migrations".* FROM "schema_migrations"[0m
  [1m[36mTeam Load (1.9ms)[0m  [1mSELECT "teams".* FROM "teams"[0m
  [1m[36mActiveRecord::SchemaMigration Load (0.1ms)[0m  [1mSELECT "schema_migrations".* FROM "schema_migrations"[0m
  [1m[36mActiveRecord::SchemaMigration Load (0.1ms)[0m  [1mSELECT "schema_migrations".* FROM "schema_migrations"[0m
  [1m[35m (0.1ms)[0m  begin transaction
  [1m[36mSQL (1.2ms)[0m  [1mINSERT INTO "teams" ("city", "nickname", "conference", "wins", "losses", "created_at", "updated_at") VALUES (?, ?, ?, ?, ?, ?, ?)[0m  [["city", "Atlanta"], ["nickname", "Hawks"], ["conference", "Eastern"], ["wins", 21], ["losses", 14], ["created_at", "2016-01-04 21:47:50.420105"], ["updated_at", "2016-01-04 21:47:50.420105"]]
  [1m[35m (0.7ms)[0m  commit transaction
  [1m[36m (0.1ms)[0m  [1mbegin transaction[0m
  [1m[35mSQL (0.4ms)[0m  INSERT INTO "teams" ("city", "nickname", "conference", "wins", "losses", "created_at", "updated_at") VALUES (?, ?, ?, ?, ?, ?, ?)  [["city", "Boston"], ["nickname", "Celtics"], ["conference", "Eastern"], ["wins", 18], ["losses", 15], ["created_at", "2016-01-04 21:47:50.428302"], ["updated_at", "2016-01-04 21:47:50.428302"]]
  [1m[36m (1.3ms)[0m  [1mcommit transaction[0m
  [1m[35m (0.1ms)[0m  begin transaction
  [1m[36mSQL (0.3ms)[0m  [1mINSERT INTO "teams" ("city", "nickname", "conference", "wins", "losses", "created_at", "updated_at") VALUES (?, ?, ?, ?, ?, ?, ?)[0m  [["city", "Brooklyn"], ["nickname", "Nets"], ["conference", "Eastern"], ["wins", 10], ["losses", 23], ["created_at", "2016-01-04 21:47:50.432091"], ["updated_at", "2016-01-04 21:47:50.432091"]]
  [1m[35m (0.8ms)[0m  commit transaction
  [1m[36m (0.1ms)[0m  [1mbegin transaction[0m
  [1m[35mSQL (0.4ms)[0m  INSERT INTO "teams" ("city", "nickname", "conference", "wins", "losses", "created_at", "updated_at") VALUES (?, ?, ?, ?, ?, ?, ?)  [["city", "Charlotte"], ["nickname", "Hornets"], ["conference", "Eastern"], ["wins", 17], ["losses", 16], ["created_at", "2016-01-04 21:47:50.435260"], ["updated_at", "2016-01-04 21:47:50.435260"]]
  [1m[36m (0.9ms)[0m  [1mcommit transaction[0m
  [1m[35m (0.1ms)[0m  begin transaction
  [1m[36mSQL (0.3ms)[0m  [1mINSERT INTO "teams" ("city", "nickname", "conference", "wins", "losses", "created_at", "updated_at") VALUES (?, ?, ?, ?, ?, ?, ?)[0m  [["city", "Chicago"], ["nickname", "Bulls"], ["conference", "Eastern"], ["wins", 20], ["losses", 12], ["created_at", "2016-01-04 21:47:50.438541"], ["updated_at", "2016-01-04 21:47:50.438541"]]
  [1m[35m (0.8ms)[0m  commit transaction
  [1m[36m (0.1ms)[0m  [1mbegin transaction[0m
  [1m[35mSQL (0.3ms)[0m  INSERT INTO "teams" ("city", "nickname", "conference", "wins", "losses", "created_at", "updated_at") VALUES (?, ?, ?, ?, ?, ?, ?)  [["city", "Cleveland"], ["nickname", "Cavaliers"], ["conference", "Eastern"], ["wins", 22], ["losses", 9], ["created_at", "2016-01-04 21:47:50.441853"], ["updated_at", "2016-01-04 21:47:50.441853"]]
  [1m[36m (0.8ms)[0m  [1mcommit transaction[0m
  [1m[35m (0.1ms)[0m  begin transaction
  [1m[36mSQL (0.3ms)[0m  [1mINSERT INTO "teams" ("city", "nickname", "conference", "wins", "losses", "created_at", "updated_at") VALUES (?, ?, ?, ?, ?, ?, ?)[0m  [["city", "Dallas"], ["nickname", "Mavericks"], ["conference", "Western"], ["wins", 19], ["losses", 15], ["created_at", "2016-01-04 21:47:50.444967"], ["updated_at", "2016-01-04 21:47:50.444967"]]
  [1m[35m (0.7ms)[0m  commit transaction
  [1m[36m (0.1ms)[0m  [1mbegin transaction[0m
  [1m[35mSQL (0.4ms)[0m  INSERT INTO "teams" ("city", "nickname", "conference", "wins", "losses", "created_at", "updated_at") VALUES (?, ?, ?, ?, ?, ?, ?)  [["city", "Denver"], ["nickname", "Nuggets"], ["conference", "Western"], ["wins", 12], ["losses", 23], ["created_at", "2016-01-04 21:47:50.448015"], ["updated_at", "2016-01-04 21:47:50.448015"]]
  [1m[36m (0.8ms)[0m  [1mcommit transaction[0m
  [1m[35m (0.1ms)[0m  begin transaction
  [1m[36mSQL (0.3ms)[0m  [1mINSERT INTO "teams" ("city", "nickname", "conference", "wins", "losses", "created_at", "updated_at") VALUES (?, ?, ?, ?, ?, ?, ?)[0m  [["city", "Detroit"], ["nickname", "Pistons"], ["conference", "Eastern"], ["wins", 18], ["losses", 16], ["created_at", "2016-01-04 21:47:50.451866"], ["updated_at", "2016-01-04 21:47:50.451866"]]
  [1m[35m (0.8ms)[0m  commit transaction
  [1m[36m (0.1ms)[0m  [1mbegin transaction[0m
  [1m[35mSQL (0.3ms)[0m  INSERT INTO "teams" ("city", "nickname", "conference", "wins", "losses", "created_at", "updated_at") VALUES (?, ?, ?, ?, ?, ?, ?)  [["city", "Golden State"], ["nickname", "Warriors"], ["conference", "Western"], ["wins", 31], ["losses", 2], ["created_at", "2016-01-04 21:47:50.454903"], ["updated_at", "2016-01-04 21:47:50.454903"]]
  [1m[36m (0.8ms)[0m  [1mcommit transaction[0m
  [1m[35m (0.1ms)[0m  begin transaction
  [1m[36mSQL (0.3ms)[0m  [1mINSERT INTO "teams" ("city", "nickname", "conference", "wins", "losses", "created_at", "updated_at") VALUES (?, ?, ?, ?, ?, ?, ?)[0m  [["city", "Houston"], ["nickname", "Rockets"], ["conference", "Western"], ["wins", 16], ["losses", 19], ["created_at", "2016-01-04 21:47:50.458207"], ["updated_at", "2016-01-04 21:47:50.458207"]]
  [1m[35m (0.9ms)[0m  commit transaction
  [1m[36m (0.1ms)[0m  [1mbegin transaction[0m
  [1m[35mSQL (0.3ms)[0m  INSERT INTO "teams" ("city", "nickname", "conference", "wins", "losses", "created_at", "updated_at") VALUES (?, ?, ?, ?, ?, ?, ?)  [["city", "Indiana"], ["nickname", "Pacers"], ["conference", "Eastern"], ["wins", 19], ["losses", 14], ["created_at", "2016-01-04 21:47:50.461576"], ["updated_at", "2016-01-04 21:47:50.461576"]]
  [1m[36m (0.9ms)[0m  [1mcommit transaction[0m
  [1m[35m (0.1ms)[0m  begin transaction
  [1m[36mSQL (0.3ms)[0m  [1mINSERT INTO "teams" ("city", "nickname", "conference", "wins", "losses", "created_at", "updated_at") VALUES (?, ?, ?, ?, ?, ?, ?)[0m  [["city", "Los Angeles"], ["nickname", "Clippers"], ["conference", "Western"], ["wins", 22], ["losses", 13], ["created_at", "2016-01-04 21:47:50.464831"], ["updated_at", "2016-01-04 21:47:50.464831"]]
  [1m[35m (0.8ms)[0m  commit transaction
  [1m[36m (0.1ms)[0m  [1mbegin transaction[0m
  [1m[35mSQL (0.3ms)[0m  INSERT INTO "teams" ("city", "nickname", "conference", "wins", "losses", "created_at", "updated_at") VALUES (?, ?, ?, ?, ?, ?, ?)  [["city", "Los Angeles"], ["nickname", "Lakers"], ["conference", "Western"], ["wins", 8], ["losses", 27], ["created_at", "2016-01-04 21:47:50.467963"], ["updated_at", "2016-01-04 21:47:50.467963"]]
  [1m[36m (1.1ms)[0m  [1mcommit transaction[0m
  [1m[35m (0.1ms)[0m  begin transaction
  [1m[36mSQL (0.6ms)[0m  [1mINSERT INTO "teams" ("city", "nickname", "conference", "wins", "losses", "created_at", "updated_at") VALUES (?, ?, ?, ?, ?, ?, ?)[0m  [["city", "Memphis"], ["nickname", "Grizzlies"], ["conference", "Western"], ["wins", 18], ["losses", 17], ["created_at", "2016-01-04 21:47:50.471354"], ["updated_at", "2016-01-04 21:47:50.471354"]]
  [1m[35m (0.9ms)[0m  commit transaction
  [1m[36m (0.1ms)[0m  [1mbegin transaction[0m
  [1m[35mSQL (0.3ms)[0m  INSERT INTO "teams" ("city", "nickname", "conference", "wins", "losses", "created_at", "updated_at") VALUES (?, ?, ?, ?, ?, ?, ?)  [["city", "Miami"], ["nickname", "Heat"], ["conference", "Eastern"], ["wins", 20], ["losses", 13], ["created_at", "2016-01-04 21:47:50.475730"], ["updated_at", "2016-01-04 21:47:50.475730"]]
  [1m[36m (1.1ms)[0m  [1mcommit transaction[0m
  [1m[35m (0.1ms)[0m  begin transaction
  [1m[36mSQL (0.4ms)[0m  [1mINSERT INTO "teams" ("city", "nickname", "conference", "wins", "losses", "created_at", "updated_at") VALUES (?, ?, ?, ?, ?, ?, ?)[0m  [["city", "Milwaukee"], ["nickname", "Bucks"], ["conference", "Eastern"], ["wins", 14], ["losses", 21], ["created_at", "2016-01-04 21:47:50.478965"], ["updated_at", "2016-01-04 21:47:50.478965"]]
  [1m[35m (1.5ms)[0m  commit transaction
  [1m[36m (0.1ms)[0m  [1mbegin transaction[0m
  [1m[35mSQL (0.4ms)[0m  INSERT INTO "teams" ("city", "nickname", "conference", "wins", "losses", "created_at", "updated_at") VALUES (?, ?, ?, ?, ?, ?, ?)  [["city", "Minnesota"], ["nickname", "Timberwolves"], ["conference", "Western"], ["wins", 12], ["losses", 22], ["created_at", "2016-01-04 21:47:50.483019"], ["updated_at", "2016-01-04 21:47:50.483019"]]
  [1m[36m (0.9ms)[0m  [1mcommit transaction[0m
  [1m[35m (0.1ms)[0m  begin transaction
  [1m[36mSQL (0.3ms)[0m  [1mINSERT INTO "teams" ("city", "nickname", "conference", "wins", "losses", "created_at", "updated_at") VALUES (?, ?, ?, ?, ?, ?, ?)[0m  [["city", "New Orleans"], ["nickname", "Pelicans"], ["conference", "Western"], ["wins", 11], ["losses", 22], ["created_at", "2016-01-04 21:47:50.486606"], ["updated_at", "2016-01-04 21:47:50.486606"]]
  [1m[35m (0.7ms)[0m  commit transaction
  [1m[36m (0.1ms)[0m  [1mbegin transaction[0m
  [1m[35mSQL (0.4ms)[0m  INSERT INTO "teams" ("city", "nickname", "conference", "wins", "losses", "created_at", "updated_at") VALUES (?, ?, ?, ?, ?, ?, ?)  [["city", "New York"], ["nickname", "Knicks"], ["conference", "Eastern"], ["wins", 16], ["losses", 19], ["created_at", "2016-01-04 21:47:50.489637"], ["updated_at", "2016-01-04 21:47:50.489637"]]
  [1m[36m (0.8ms)[0m  [1mcommit transaction[0m
  [1m[35m (0.1ms)[0m  begin transaction
  [1m[36mSQL (0.3ms)[0m  [1mINSERT INTO "teams" ("city", "nickname", "conference", "wins", "losses", "created_at", "updated_at") VALUES (?, ?, ?, ?, ?, ?, ?)[0m  [["city", "Oklahoma City"], ["nickname", "Thunder"], ["conference", "Western"], ["wins", 24], ["losses", 10], ["created_at", "2016-01-04 21:47:50.493034"], ["updated_at", "2016-01-04 21:47:50.493034"]]
  [1m[35m (0.7ms)[0m  commit transaction
  [1m[36m (0.1ms)[0m  [1mbegin transaction[0m
  [1m[35mSQL (0.4ms)[0m  INSERT INTO "teams" ("city", "nickname", "conference", "wins", "losses", "created_at", "updated_at") VALUES (?, ?, ?, ?, ?, ?, ?)  [["city", "Orlando"], ["nickname", "Magic"], ["conference", "Eastern"], ["wins", 19], ["losses", 15], ["created_at", "2016-01-04 21:47:50.496045"], ["updated_at", "2016-01-04 21:47:50.496045"]]
  [1m[36m (0.8ms)[0m  [1mcommit transaction[0m
  [1m[35m (0.1ms)[0m  begin transaction
  [1m[36mSQL (0.4ms)[0m  [1mINSERT INTO "teams" ("city", "nickname", "conference", "wins", "losses", "created_at", "updated_at") VALUES (?, ?, ?, ?, ?, ?, ?)[0m  [["city", "Philadelphia"], ["nickname", "76ers"], ["conference", "Eastern"], ["wins", 3], ["losses", 33], ["created_at", "2016-01-04 21:47:50.499837"], ["updated_at", "2016-01-04 21:47:50.499837"]]
  [1m[35m (1.0ms)[0m  commit transaction
  [1m[36m (0.6ms)[0m  [1mbegin transaction[0m
  [1m[35mSQL (0.3ms)[0m  INSERT INTO "teams" ("city", "nickname", "conference", "wins", "losses", "created_at", "updated_at") VALUES (?, ?, ?, ?, ?, ?, ?)  [["city", "Phoenix"], ["nickname", "Suns"], ["conference", "Western"], ["wins", 12], ["losses", 25], ["created_at", "2016-01-04 21:47:50.503819"], ["updated_at", "2016-01-04 21:47:50.503819"]]
  [1m[36m (0.7ms)[0m  [1mcommit transaction[0m
  [1m[35m (0.1ms)[0m  begin transaction
  [1m[36mSQL (0.4ms)[0m  [1mINSERT INTO "teams" ("city", "nickname", "conference", "wins", "losses", "created_at", "updated_at") VALUES (?, ?, ?, ?, ?, ?, ?)[0m  [["city", "Portland"], ["nickname", "Trailblazers"], ["conference", "Western"], ["wins", 15], ["losses", 21], ["created_at", "2016-01-04 21:47:50.506920"], ["updated_at", "2016-01-04 21:47:50.506920"]]
  [1m[35m (1.0ms)[0m  commit transaction
  [1m[36m (0.1ms)[0m  [1mbegin transaction[0m
  [1m[35mSQL (0.3ms)[0m  INSERT INTO "teams" ("city", "nickname", "conference", "wins", "losses", "created_at", "updated_at") VALUES (?, ?, ?, ?, ?, ?, ?)  [["city", "Sacramento"], ["nickname", "Kings"], ["conference", "Western"], ["wins", 13], ["losses", 20], ["created_at", "2016-01-04 21:47:50.510602"], ["updated_at", "2016-01-04 21:47:50.510602"]]
  [1m[36m (0.6ms)[0m  [1mcommit transaction[0m
  [1m[35m (0.2ms)[0m  begin transaction
  [1m[36mSQL (0.3ms)[0m  [1mINSERT INTO "teams" ("city", "nickname", "conference", "wins", "losses", "created_at", "updated_at") VALUES (?, ?, ?, ?, ?, ?, ?)[0m  [["city", "San Antonio"], ["nickname", "Spurs"], ["conference", "Western"], ["wins", 29], ["losses", 6], ["created_at", "2016-01-04 21:47:50.513650"], ["updated_at", "2016-01-04 21:47:50.513650"]]
  [1m[35m (0.7ms)[0m  commit transaction
  [1m[36m (0.1ms)[0m  [1mbegin transaction[0m
  [1m[35mSQL (0.3ms)[0m  INSERT INTO "teams" ("city", "nickname", "conference", "wins", "losses", "created_at", "updated_at") VALUES (?, ?, ?, ?, ?, ?, ?)  [["city", "Toronto"], ["nickname", "Raptors"], ["conference", "Eastern"], ["wins", 21], ["losses", 14], ["created_at", "2016-01-04 21:47:50.516574"], ["updated_at", "2016-01-04 21:47:50.516574"]]
  [1m[36m (0.7ms)[0m  [1mcommit transaction[0m
  [1m[35m (0.1ms)[0m  begin transaction
  [1m[36mSQL (0.3ms)[0m  [1mINSERT INTO "teams" ("city", "nickname", "conference", "wins", "losses", "created_at", "updated_at") VALUES (?, ?, ?, ?, ?, ?, ?)[0m  [["city", "Utah"], ["nickname", "Jazz"], ["conference", "Western"], ["wins", 15], ["losses", 17], ["created_at", "2016-01-04 21:47:50.519731"], ["updated_at", "2016-01-04 21:47:50.519731"]]
  [1m[35m (0.7ms)[0m  commit transaction
  [1m[36m (0.1ms)[0m  [1mbegin transaction[0m
  [1m[35mSQL (0.3ms)[0m  INSERT INTO "teams" ("city", "nickname", "conference", "wins", "losses", "created_at", "updated_at") VALUES (?, ?, ?, ?, ?, ?, ?)  [["city", "Washington"], ["nickname", "Wizards"], ["conference", "Eastern"], ["wins", 15], ["losses", 17], ["created_at", "2016-01-04 21:47:50.522913"], ["updated_at", "2016-01-04 21:47:50.522913"]]
  [1m[36m (0.8ms)[0m  [1mcommit transaction[0m
  [1m[35mTeam Load (0.8ms)[0m  SELECT "teams".* FROM "teams"
  [1m[36mTeam Load (0.2ms)[0m  [1mSELECT  "teams".* FROM "teams"  ORDER BY "teams"."id" ASC LIMIT 1[0m


Started GET "/" for ::1 at 2016-01-04 16:52:33 -0500
  [1m[36mActiveRecord::SchemaMigration Load (0.5ms)[0m  [1mSELECT "schema_migrations".* FROM "schema_migrations"[0m
Processing by Rails::WelcomeController#index as HTML
  Rendered /usr/local/lib/ruby/gems/2.2.0/gems/railties-4.2.4/lib/rails/templates/rails/welcome/index.html.erb (0.1ms)
Completed 200 OK in 9ms (Views: 6.5ms | ActiveRecord: 0.0ms)


Started GET "/league" for ::1 at 2016-01-04 16:52:44 -0500

ActionController::RoutingError (No route matches [GET] "/league"):
  actionpack (4.2.4) lib/action_dispatch/middleware/debug_exceptions.rb:21:in `call'
  web-console (2.2.1) lib/web_console/middleware.rb:39:in `call'
  actionpack (4.2.4) lib/action_dispatch/middleware/show_exceptions.rb:30:in `call'
  railties (4.2.4) lib/rails/rack/logger.rb:38:in `call_app'
  railties (4.2.4) lib/rails/rack/logger.rb:20:in `block in call'
  activesupport (4.2.4) lib/active_support/tagged_logging.rb:68:in `block in tagged'
  activesupport (4.2.4) lib/active_support/tagged_logging.rb:26:in `tagged'
  activesupport (4.2.4) lib/active_support/tagged_logging.rb:68:in `tagged'
  railties (4.2.4) lib/rails/rack/logger.rb:20:in `call'
  actionpack (4.2.4) lib/action_dispatch/middleware/request_id.rb:21:in `call'
  rack (1.6.4) lib/rack/methodoverride.rb:22:in `call'
  rack (1.6.4) lib/rack/runtime.rb:18:in `call'
  activesupport (4.2.4) lib/active_support/cache/strategy/local_cache_middleware.rb:28:in `call'
  rack (1.6.4) lib/rack/lock.rb:17:in `call'
  actionpack (4.2.4) lib/action_dispatch/middleware/static.rb:116:in `call'
  rack (1.6.4) lib/rack/sendfile.rb:113:in `call'
  railties (4.2.4) lib/rails/engine.rb:518:in `call'
  railties (4.2.4) lib/rails/application.rb:165:in `call'
  rack (1.6.4) lib/rack/lock.rb:17:in `call'
  rack (1.6.4) lib/rack/content_length.rb:15:in `call'
  rack (1.6.4) lib/rack/handler/webrick.rb:88:in `service'
  /usr/local/Cellar/ruby/2.2.3/lib/ruby/2.2.0/webrick/httpserver.rb:138:in `service'
  /usr/local/Cellar/ruby/2.2.3/lib/ruby/2.2.0/webrick/httpserver.rb:94:in `run'
  /usr/local/Cellar/ruby/2.2.3/lib/ruby/2.2.0/webrick/server.rb:294:in `block in start_thread'


  Rendered /usr/local/lib/ruby/gems/2.2.0/gems/actionpack-4.2.4/lib/action_dispatch/middleware/templates/rescues/_trace.html.erb (1.9ms)
  Rendered /usr/local/lib/ruby/gems/2.2.0/gems/actionpack-4.2.4/lib/action_dispatch/middleware/templates/routes/_route.html.erb (1.9ms)
  Rendered /usr/local/lib/ruby/gems/2.2.0/gems/actionpack-4.2.4/lib/action_dispatch/middleware/templates/routes/_table.html.erb (11.6ms)
  Rendered /usr/local/lib/ruby/gems/2.2.0/gems/actionpack-4.2.4/lib/action_dispatch/middleware/templates/rescues/_request_and_response.html.erb (1.6ms)
  Rendered /usr/local/lib/ruby/gems/2.2.0/gems/actionpack-4.2.4/lib/action_dispatch/middleware/templates/rescues/routing_error.html.erb within rescues/layout (111.3ms)
  Rendered /usr/local/lib/ruby/gems/2.2.0/gems/web-console-2.2.1/lib/web_console/templates/_markup.html.erb (0.9ms)
  Rendered /usr/local/lib/ruby/gems/2.2.0/gems/web-console-2.2.1/lib/web_console/templates/_inner_console_markup.html.erb within layouts/inlined_string (0.3ms)
  Rendered /usr/local/lib/ruby/gems/2.2.0/gems/web-console-2.2.1/lib/web_console/templates/_prompt_box_markup.html.erb within layouts/inlined_string (0.4ms)
  Rendered /usr/local/lib/ruby/gems/2.2.0/gems/web-console-2.2.1/lib/web_console/templates/style.css.erb within layouts/inlined_string (0.4ms)
  Rendered /usr/local/lib/ruby/gems/2.2.0/gems/web-console-2.2.1/lib/web_console/templates/console.js.erb within layouts/javascript (67.8ms)
  Rendered /usr/local/lib/ruby/gems/2.2.0/gems/web-console-2.2.1/lib/web_console/templates/main.js.erb within layouts/javascript (0.3ms)
  Rendered /usr/local/lib/ruby/gems/2.2.0/gems/web-console-2.2.1/lib/web_console/templates/error_page.js.erb within layouts/javascript (0.5ms)
  Rendered /usr/local/lib/ruby/gems/2.2.0/gems/web-console-2.2.1/lib/web_console/templates/index.html.erb (147.2ms)


Started GET "/teams/league" for ::1 at 2016-01-04 16:52:57 -0500
Processing by TeamsController#league as HTML
  Rendered teams/league.html.erb within layouts/application (0.3ms)
Completed 200 OK in 1778ms (Views: 1776.9ms | ActiveRecord: 0.0ms)


Started GET "/assets/teams.self-e3b0c44298fc1c149afbf4c8996fb92427ae41e4649b934ca495991b7852b855.css?body=1" for ::1 at 2016-01-04 16:53:00 -0500


Started GET "/assets/teams.self-877aef30ae1b040ab8a3aba4e3e309a11d7f2612f44dde450b5c157aa5f95c05.js?body=1" for ::1 at 2016-01-04 16:53:00 -0500


Started GET "/league" for ::1 at 2016-01-04 16:54:32 -0500
Processing by TeamsController#league as HTML
  Rendered teams/league.html.erb within layouts/application (0.1ms)
Completed 200 OK in 26ms (Views: 24.7ms | ActiveRecord: 0.0ms)


Started GET "/eastern_conf" for ::1 at 2016-01-04 16:54:40 -0500
Processing by TeamsController#eastern_conf as HTML
  Rendered teams/eastern_conf.html.erb within layouts/application (0.7ms)
Completed 200 OK in 26ms (Views: 25.1ms | ActiveRecord: 0.0ms)


Started GET "/western_conf" for ::1 at 2016-01-04 16:54:55 -0500
Processing by TeamsController#western_conf as HTML
  Rendered teams/western_conf.html.erb within layouts/application (0.6ms)
Completed 200 OK in 27ms (Views: 26.7ms | ActiveRecord: 0.0ms)


Started GET "/league" for ::1 at 2016-01-04 17:08:15 -0500
Processing by TeamsController#league as HTML
  Rendered teams/league.html.erb within layouts/application (3.6ms)
Completed 200 OK in 47ms (Views: 42.5ms | ActiveRecord: 0.0ms)
  [1m[35mTeam Load (2.0ms)[0m  SELECT "teams".* FROM "teams"


Started GET "/league" for ::1 at 2016-01-04 17:10:02 -0500
Processing by TeamsController#league as HTML
  [1m[35mTeam Load (1.4ms)[0m  SELECT "teams".* FROM "teams"
  Rendered teams/league.html.erb within layouts/application (65.6ms)
Completed 200 OK in 107ms (Views: 101.6ms | ActiveRecord: 2.4ms)


Started GET "/assets/application.self-e80e8f2318043e8af94dddc2adad5a4f09739a8ebb323b3ab31cd71d45fd9113.css?body=1" for ::1 at 2016-01-04 17:10:03 -0500


Started GET "/assets/jquery.self-a714331225dda820228db323939889f149aec0127aeb06255646b616ba1ca419.js?body=1" for ::1 at 2016-01-04 17:10:03 -0500


Started GET "/assets/teams.self-e3b0c44298fc1c149afbf4c8996fb92427ae41e4649b934ca495991b7852b855.css?body=1" for ::1 at 2016-01-04 17:10:03 -0500


Started GET "/assets/jquery_ujs.self-d456baa54c1fa6be2ec3711f0a72ddf7a5b2f34a6b4f515f33767d6207b7d4b3.js?body=1" for ::1 at 2016-01-04 17:10:03 -0500


Started GET "/assets/turbolinks.self-c37727e9bd6b2735da5c311aa83fead54ed0be6cc8bd9a65309e9c5abe2cbfff.js?body=1" for ::1 at 2016-01-04 17:10:03 -0500


Started GET "/assets/teams.self-877aef30ae1b040ab8a3aba4e3e309a11d7f2612f44dde450b5c157aa5f95c05.js?body=1" for ::1 at 2016-01-04 17:10:03 -0500


Started GET "/assets/application.self-3b8dabdc891efe46b9a144b400ad69e37d7e5876bdc39dee783419a69d7ca819.js?body=1" for ::1 at 2016-01-04 17:10:03 -0500


Started GET "/league" for ::1 at 2016-01-04 17:10:38 -0500
Processing by TeamsController#league as HTML
  [1m[36mTeam Load (0.3ms)[0m  [1mSELECT "teams".* FROM "teams"[0m
  Rendered teams/league.html.erb within layouts/application (5.4ms)
Completed 200 OK in 42ms (Views: 40.5ms | ActiveRecord: 0.3ms)


Started GET "/assets/application.self-e80e8f2318043e8af94dddc2adad5a4f09739a8ebb323b3ab31cd71d45fd9113.css?body=1" for ::1 at 2016-01-04 17:10:38 -0500


Started GET "/assets/teams.self-877aef30ae1b040ab8a3aba4e3e309a11d7f2612f44dde450b5c157aa5f95c05.js?body=1" for ::1 at 2016-01-04 17:10:38 -0500


Started GET "/assets/turbolinks.self-c37727e9bd6b2735da5c311aa83fead54ed0be6cc8bd9a65309e9c5abe2cbfff.js?body=1" for ::1 at 2016-01-04 17:10:38 -0500


Started GET "/assets/jquery_ujs.self-d456baa54c1fa6be2ec3711f0a72ddf7a5b2f34a6b4f515f33767d6207b7d4b3.js?body=1" for ::1 at 2016-01-04 17:10:38 -0500


Started GET "/assets/jquery.self-a714331225dda820228db323939889f149aec0127aeb06255646b616ba1ca419.js?body=1" for ::1 at 2016-01-04 17:10:38 -0500


Started GET "/assets/teams.self-e3b0c44298fc1c149afbf4c8996fb92427ae41e4649b934ca495991b7852b855.css?body=1" for ::1 at 2016-01-04 17:10:38 -0500


Started GET "/assets/application.self-3b8dabdc891efe46b9a144b400ad69e37d7e5876bdc39dee783419a69d7ca819.js?body=1" for ::1 at 2016-01-04 17:10:38 -0500


Started GET "/league" for ::1 at 2016-01-04 17:11:23 -0500
Processing by TeamsController#league as HTML
  [1m[35mTeam Load (0.3ms)[0m  SELECT "teams".* FROM "teams"
  Rendered teams/league.html.erb within layouts/application (6.5ms)
Completed 200 OK in 28ms (Views: 27.2ms | ActiveRecord: 0.3ms)


Started GET "/assets/teams.self-e3b0c44298fc1c149afbf4c8996fb92427ae41e4649b934ca495991b7852b855.css?body=1" for ::1 at 2016-01-04 17:11:23 -0500


Started GET "/assets/jquery_ujs.self-d456baa54c1fa6be2ec3711f0a72ddf7a5b2f34a6b4f515f33767d6207b7d4b3.js?body=1" for ::1 at 2016-01-04 17:11:23 -0500


Started GET "/assets/jquery.self-a714331225dda820228db323939889f149aec0127aeb06255646b616ba1ca419.js?body=1" for ::1 at 2016-01-04 17:11:23 -0500


Started GET "/assets/application.self-e80e8f2318043e8af94dddc2adad5a4f09739a8ebb323b3ab31cd71d45fd9113.css?body=1" for ::1 at 2016-01-04 17:11:23 -0500


Started GET "/assets/turbolinks.self-c37727e9bd6b2735da5c311aa83fead54ed0be6cc8bd9a65309e9c5abe2cbfff.js?body=1" for ::1 at 2016-01-04 17:11:23 -0500


Started GET "/assets/teams.self-877aef30ae1b040ab8a3aba4e3e309a11d7f2612f44dde450b5c157aa5f95c05.js?body=1" for ::1 at 2016-01-04 17:11:23 -0500


Started GET "/assets/application.self-3b8dabdc891efe46b9a144b400ad69e37d7e5876bdc39dee783419a69d7ca819.js?body=1" for ::1 at 2016-01-04 17:11:23 -0500


Started GET "/league" for ::1 at 2016-01-04 17:11:39 -0500
Processing by TeamsController#league as HTML
  [1m[36mTeam Load (0.3ms)[0m  [1mSELECT "teams".* FROM "teams"[0m
  Rendered teams/league.html.erb within layouts/application (2.3ms)
Completed 200 OK in 23ms (Views: 22.5ms | ActiveRecord: 0.3ms)


Started GET "/assets/application.self-e80e8f2318043e8af94dddc2adad5a4f09739a8ebb323b3ab31cd71d45fd9113.css?body=1" for ::1 at 2016-01-04 17:11:39 -0500


Started GET "/assets/teams.self-e3b0c44298fc1c149afbf4c8996fb92427ae41e4649b934ca495991b7852b855.css?body=1" for ::1 at 2016-01-04 17:11:39 -0500


Started GET "/assets/jquery.self-a714331225dda820228db323939889f149aec0127aeb06255646b616ba1ca419.js?body=1" for ::1 at 2016-01-04 17:11:39 -0500


Started GET "/assets/teams.self-877aef30ae1b040ab8a3aba4e3e309a11d7f2612f44dde450b5c157aa5f95c05.js?body=1" for ::1 at 2016-01-04 17:11:39 -0500


Started GET "/assets/jquery_ujs.self-d456baa54c1fa6be2ec3711f0a72ddf7a5b2f34a6b4f515f33767d6207b7d4b3.js?body=1" for ::1 at 2016-01-04 17:11:39 -0500


Started GET "/assets/turbolinks.self-c37727e9bd6b2735da5c311aa83fead54ed0be6cc8bd9a65309e9c5abe2cbfff.js?body=1" for ::1 at 2016-01-04 17:11:39 -0500


Started GET "/assets/application.self-3b8dabdc891efe46b9a144b400ad69e37d7e5876bdc39dee783419a69d7ca819.js?body=1" for ::1 at 2016-01-04 17:11:39 -0500


Started GET "/league" for ::1 at 2016-01-04 17:12:24 -0500
Processing by TeamsController#league as HTML
  [1m[35mTeam Load (0.3ms)[0m  SELECT "teams".* FROM "teams"
  Rendered teams/league.html.erb within layouts/application (2.1ms)
Completed 200 OK in 33ms (Views: 32.1ms | ActiveRecord: 0.3ms)


Started GET "/assets/application.self-e80e8f2318043e8af94dddc2adad5a4f09739a8ebb323b3ab31cd71d45fd9113.css?body=1" for ::1 at 2016-01-04 17:12:24 -0500


Started GET "/assets/jquery.self-a714331225dda820228db323939889f149aec0127aeb06255646b616ba1ca419.js?body=1" for ::1 at 2016-01-04 17:12:24 -0500


Started GET "/assets/teams.self-877aef30ae1b040ab8a3aba4e3e309a11d7f2612f44dde450b5c157aa5f95c05.js?body=1" for ::1 at 2016-01-04 17:12:24 -0500


Started GET "/assets/jquery_ujs.self-d456baa54c1fa6be2ec3711f0a72ddf7a5b2f34a6b4f515f33767d6207b7d4b3.js?body=1" for ::1 at 2016-01-04 17:12:24 -0500


Started GET "/assets/turbolinks.self-c37727e9bd6b2735da5c311aa83fead54ed0be6cc8bd9a65309e9c5abe2cbfff.js?body=1" for ::1 at 2016-01-04 17:12:24 -0500


Started GET "/assets/teams.self-e3b0c44298fc1c149afbf4c8996fb92427ae41e4649b934ca495991b7852b855.css?body=1" for ::1 at 2016-01-04 17:12:24 -0500


Started GET "/assets/application.self-3b8dabdc891efe46b9a144b400ad69e37d7e5876bdc39dee783419a69d7ca819.js?body=1" for ::1 at 2016-01-04 17:12:24 -0500


Started GET "/league" for ::1 at 2016-01-04 17:14:30 -0500
Processing by TeamsController#league as HTML
  [1m[36mTeam Load (1.0ms)[0m  [1mSELECT "teams".* FROM "teams"[0m
Completed 500 Internal Server Error in 22ms (ActiveRecord: 2.0ms)

ArgumentError (wrong number of arguments (1 for 0)):
  app/controllers/teams_controller.rb:3:in `league'


  Rendered /usr/local/lib/ruby/gems/2.2.0/gems/actionpack-4.2.4/lib/action_dispatch/middleware/templates/rescues/_source.erb (7.3ms)
  Rendered /usr/local/lib/ruby/gems/2.2.0/gems/actionpack-4.2.4/lib/action_dispatch/middleware/templates/rescues/_trace.html.erb (3.5ms)
  Rendered /usr/local/lib/ruby/gems/2.2.0/gems/actionpack-4.2.4/lib/action_dispatch/middleware/templates/rescues/_request_and_response.html.erb (1.1ms)
  Rendered /usr/local/lib/ruby/gems/2.2.0/gems/actionpack-4.2.4/lib/action_dispatch/middleware/templates/rescues/diagnostics.html.erb within rescues/layout (80.5ms)
  Rendered /usr/local/lib/ruby/gems/2.2.0/gems/web-console-2.2.1/lib/web_console/templates/_markup.html.erb (0.5ms)
  Rendered /usr/local/lib/ruby/gems/2.2.0/gems/web-console-2.2.1/lib/web_console/templates/_inner_console_markup.html.erb within layouts/inlined_string (0.4ms)
  Rendered /usr/local/lib/ruby/gems/2.2.0/gems/web-console-2.2.1/lib/web_console/templates/_prompt_box_markup.html.erb within layouts/inlined_string (0.4ms)
  Rendered /usr/local/lib/ruby/gems/2.2.0/gems/web-console-2.2.1/lib/web_console/templates/style.css.erb within layouts/inlined_string (0.4ms)
  Rendered /usr/local/lib/ruby/gems/2.2.0/gems/web-console-2.2.1/lib/web_console/templates/console.js.erb within layouts/javascript (62.7ms)
  Rendered /usr/local/lib/ruby/gems/2.2.0/gems/web-console-2.2.1/lib/web_console/templates/main.js.erb within layouts/javascript (0.4ms)
  Rendered /usr/local/lib/ruby/gems/2.2.0/gems/web-console-2.2.1/lib/web_console/templates/error_page.js.erb within layouts/javascript (1.2ms)
  Rendered /usr/local/lib/ruby/gems/2.2.0/gems/web-console-2.2.1/lib/web_console/templates/index.html.erb (152.4ms)


Started GET "/league" for ::1 at 2016-01-04 17:16:16 -0500
Processing by TeamsController#league as HTML
  Rendered teams/league.html.erb within layouts/application (0.7ms)
Completed 200 OK in 58ms (Views: 53.4ms | ActiveRecord: 0.0ms)


Started GET "/assets/application.self-e80e8f2318043e8af94dddc2adad5a4f09739a8ebb323b3ab31cd71d45fd9113.css?body=1" for ::1 at 2016-01-04 17:16:17 -0500


Started GET "/assets/teams.self-877aef30ae1b040ab8a3aba4e3e309a11d7f2612f44dde450b5c157aa5f95c05.js?body=1" for ::1 at 2016-01-04 17:16:17 -0500


Started GET "/assets/teams.self-e3b0c44298fc1c149afbf4c8996fb92427ae41e4649b934ca495991b7852b855.css?body=1" for ::1 at 2016-01-04 17:16:17 -0500


Started GET "/assets/jquery.self-a714331225dda820228db323939889f149aec0127aeb06255646b616ba1ca419.js?body=1" for ::1 at 2016-01-04 17:16:17 -0500


Started GET "/assets/jquery_ujs.self-d456baa54c1fa6be2ec3711f0a72ddf7a5b2f34a6b4f515f33767d6207b7d4b3.js?body=1" for ::1 at 2016-01-04 17:16:17 -0500


Started GET "/assets/turbolinks.self-c37727e9bd6b2735da5c311aa83fead54ed0be6cc8bd9a65309e9c5abe2cbfff.js?body=1" for ::1 at 2016-01-04 17:16:17 -0500


Started GET "/assets/application.self-3b8dabdc891efe46b9a144b400ad69e37d7e5876bdc39dee783419a69d7ca819.js?body=1" for ::1 at 2016-01-04 17:16:17 -0500


Started GET "/league" for ::1 at 2016-01-04 17:16:20 -0500
Processing by TeamsController#league as HTML
  Rendered teams/league.html.erb within layouts/application (0.1ms)
Completed 200 OK in 32ms (Views: 30.4ms | ActiveRecord: 0.0ms)


Started GET "/assets/application.self-e80e8f2318043e8af94dddc2adad5a4f09739a8ebb323b3ab31cd71d45fd9113.css?body=1" for ::1 at 2016-01-04 17:16:21 -0500


Started GET "/assets/teams.self-877aef30ae1b040ab8a3aba4e3e309a11d7f2612f44dde450b5c157aa5f95c05.js?body=1" for ::1 at 2016-01-04 17:16:21 -0500


Started GET "/assets/teams.self-e3b0c44298fc1c149afbf4c8996fb92427ae41e4649b934ca495991b7852b855.css?body=1" for ::1 at 2016-01-04 17:16:21 -0500


Started GET "/assets/jquery.self-a714331225dda820228db323939889f149aec0127aeb06255646b616ba1ca419.js?body=1" for ::1 at 2016-01-04 17:16:21 -0500


Started GET "/assets/application.self-3b8dabdc891efe46b9a144b400ad69e37d7e5876bdc39dee783419a69d7ca819.js?body=1" for ::1 at 2016-01-04 17:16:21 -0500


Started GET "/assets/jquery_ujs.self-d456baa54c1fa6be2ec3711f0a72ddf7a5b2f34a6b4f515f33767d6207b7d4b3.js?body=1" for ::1 at 2016-01-04 17:16:21 -0500


Started GET "/assets/turbolinks.self-c37727e9bd6b2735da5c311aa83fead54ed0be6cc8bd9a65309e9c5abe2cbfff.js?body=1" for ::1 at 2016-01-04 17:16:21 -0500


Started GET "/league" for ::1 at 2016-01-04 17:16:29 -0500
Processing by TeamsController#league as HTML
  Rendered teams/league.html.erb within layouts/application (0.2ms)
Completed 200 OK in 48ms (Views: 42.9ms | ActiveRecord: 0.0ms)


Started GET "/assets/application.self-e80e8f2318043e8af94dddc2adad5a4f09739a8ebb323b3ab31cd71d45fd9113.css?body=1" for ::1 at 2016-01-04 17:16:29 -0500


Started GET "/assets/jquery_ujs.self-d456baa54c1fa6be2ec3711f0a72ddf7a5b2f34a6b4f515f33767d6207b7d4b3.js?body=1" for ::1 at 2016-01-04 17:16:29 -0500


Started GET "/assets/teams.self-877aef30ae1b040ab8a3aba4e3e309a11d7f2612f44dde450b5c157aa5f95c05.js?body=1" for ::1 at 2016-01-04 17:16:29 -0500


Started GET "/assets/turbolinks.self-c37727e9bd6b2735da5c311aa83fead54ed0be6cc8bd9a65309e9c5abe2cbfff.js?body=1" for ::1 at 2016-01-04 17:16:29 -0500


Started GET "/assets/teams.self-e3b0c44298fc1c149afbf4c8996fb92427ae41e4649b934ca495991b7852b855.css?body=1" for ::1 at 2016-01-04 17:16:29 -0500


Started GET "/assets/jquery.self-a714331225dda820228db323939889f149aec0127aeb06255646b616ba1ca419.js?body=1" for ::1 at 2016-01-04 17:16:29 -0500


Started GET "/assets/application.self-3b8dabdc891efe46b9a144b400ad69e37d7e5876bdc39dee783419a69d7ca819.js?body=1" for ::1 at 2016-01-04 17:16:29 -0500


Started GET "/league" for ::1 at 2016-01-04 17:16:36 -0500
Processing by TeamsController#league as HTML
  Rendered teams/league.html.erb within layouts/application (0.0ms)
Completed 200 OK in 19ms (Views: 18.6ms | ActiveRecord: 0.0ms)


Started GET "/assets/teams.self-e3b0c44298fc1c149afbf4c8996fb92427ae41e4649b934ca495991b7852b855.css?body=1" for ::1 at 2016-01-04 17:16:36 -0500


Started GET "/assets/jquery_ujs.self-d456baa54c1fa6be2ec3711f0a72ddf7a5b2f34a6b4f515f33767d6207b7d4b3.js?body=1" for ::1 at 2016-01-04 17:16:36 -0500


Started GET "/assets/application.self-e80e8f2318043e8af94dddc2adad5a4f09739a8ebb323b3ab31cd71d45fd9113.css?body=1" for ::1 at 2016-01-04 17:16:36 -0500


Started GET "/assets/teams.self-877aef30ae1b040ab8a3aba4e3e309a11d7f2612f44dde450b5c157aa5f95c05.js?body=1" for ::1 at 2016-01-04 17:16:36 -0500


Started GET "/assets/turbolinks.self-c37727e9bd6b2735da5c311aa83fead54ed0be6cc8bd9a65309e9c5abe2cbfff.js?body=1" for ::1 at 2016-01-04 17:16:36 -0500


Started GET "/assets/jquery.self-a714331225dda820228db323939889f149aec0127aeb06255646b616ba1ca419.js?body=1" for ::1 at 2016-01-04 17:16:36 -0500


Started GET "/assets/application.self-3b8dabdc891efe46b9a144b400ad69e37d7e5876bdc39dee783419a69d7ca819.js?body=1" for ::1 at 2016-01-04 17:16:36 -0500


Started GET "/league" for ::1 at 2016-01-04 17:17:40 -0500
Processing by TeamsController#league as HTML
  [1m[35mTeam Load (0.5ms)[0m  SELECT "teams".* FROM "teams"  ORDER BY "teams"."wins" DESC
  Rendered teams/league.html.erb within layouts/application (8.7ms)
Completed 200 OK in 33ms (Views: 30.3ms | ActiveRecord: 1.3ms)


Started GET "/assets/jquery.self-a714331225dda820228db323939889f149aec0127aeb06255646b616ba1ca419.js?body=1" for ::1 at 2016-01-04 17:17:40 -0500


Started GET "/assets/application.self-e80e8f2318043e8af94dddc2adad5a4f09739a8ebb323b3ab31cd71d45fd9113.css?body=1" for ::1 at 2016-01-04 17:17:40 -0500


Started GET "/assets/turbolinks.self-c37727e9bd6b2735da5c311aa83fead54ed0be6cc8bd9a65309e9c5abe2cbfff.js?body=1" for ::1 at 2016-01-04 17:17:40 -0500


Started GET "/assets/teams.self-e3b0c44298fc1c149afbf4c8996fb92427ae41e4649b934ca495991b7852b855.css?body=1" for ::1 at 2016-01-04 17:17:40 -0500


Started GET "/assets/jquery_ujs.self-d456baa54c1fa6be2ec3711f0a72ddf7a5b2f34a6b4f515f33767d6207b7d4b3.js?body=1" for ::1 at 2016-01-04 17:17:40 -0500


Started GET "/assets/teams.self-877aef30ae1b040ab8a3aba4e3e309a11d7f2612f44dde450b5c157aa5f95c05.js?body=1" for ::1 at 2016-01-04 17:17:40 -0500


Started GET "/assets/application.self-3b8dabdc891efe46b9a144b400ad69e37d7e5876bdc39dee783419a69d7ca819.js?body=1" for ::1 at 2016-01-04 17:17:40 -0500


Started GET "/league" for ::1 at 2016-01-04 17:22:28 -0500
Processing by TeamsController#league as HTML
  [1m[36mTeam Load (0.7ms)[0m  [1mSELECT "teams".* FROM "teams"  ORDER BY "teams"."wins" DESC[0m
  Rendered teams/league.html.erb within layouts/application (5.5ms)
Completed 200 OK in 54ms (Views: 52.3ms | ActiveRecord: 0.7ms)


Started GET "/assets/application.self-e80e8f2318043e8af94dddc2adad5a4f09739a8ebb323b3ab31cd71d45fd9113.css?body=1" for ::1 at 2016-01-04 17:22:28 -0500


Started GET "/assets/turbolinks.self-c37727e9bd6b2735da5c311aa83fead54ed0be6cc8bd9a65309e9c5abe2cbfff.js?body=1" for ::1 at 2016-01-04 17:22:28 -0500


Started GET "/assets/teams.self-877aef30ae1b040ab8a3aba4e3e309a11d7f2612f44dde450b5c157aa5f95c05.js?body=1" for ::1 at 2016-01-04 17:22:28 -0500


Started GET "/assets/jquery_ujs.self-d456baa54c1fa6be2ec3711f0a72ddf7a5b2f34a6b4f515f33767d6207b7d4b3.js?body=1" for ::1 at 2016-01-04 17:22:28 -0500


Started GET "/assets/jquery.self-a714331225dda820228db323939889f149aec0127aeb06255646b616ba1ca419.js?body=1" for ::1 at 2016-01-04 17:22:28 -0500


Started GET "/assets/teams.self-e3b0c44298fc1c149afbf4c8996fb92427ae41e4649b934ca495991b7852b855.css?body=1" for ::1 at 2016-01-04 17:22:28 -0500


Started GET "/assets/application.self-3b8dabdc891efe46b9a144b400ad69e37d7e5876bdc39dee783419a69d7ca819.js?body=1" for ::1 at 2016-01-04 17:22:28 -0500


Started GET "/league" for ::1 at 2016-01-04 17:23:29 -0500
Processing by TeamsController#league as HTML
  Rendered teams/league.html.erb within layouts/application (0.6ms)
Completed 200 OK in 45ms (Views: 43.3ms | ActiveRecord: 0.0ms)


Started GET "/assets/application.self-e80e8f2318043e8af94dddc2adad5a4f09739a8ebb323b3ab31cd71d45fd9113.css?body=1" for ::1 at 2016-01-04 17:23:30 -0500


Started GET "/assets/teams.self-877aef30ae1b040ab8a3aba4e3e309a11d7f2612f44dde450b5c157aa5f95c05.js?body=1" for ::1 at 2016-01-04 17:23:30 -0500


Started GET "/assets/application.self-3b8dabdc891efe46b9a144b400ad69e37d7e5876bdc39dee783419a69d7ca819.js?body=1" for ::1 at 2016-01-04 17:23:30 -0500


Started GET "/assets/turbolinks.self-c37727e9bd6b2735da5c311aa83fead54ed0be6cc8bd9a65309e9c5abe2cbfff.js?body=1" for ::1 at 2016-01-04 17:23:30 -0500


Started GET "/assets/teams.self-e3b0c44298fc1c149afbf4c8996fb92427ae41e4649b934ca495991b7852b855.css?body=1" for ::1 at 2016-01-04 17:23:30 -0500


Started GET "/assets/jquery.self-a714331225dda820228db323939889f149aec0127aeb06255646b616ba1ca419.js?body=1" for ::1 at 2016-01-04 17:23:30 -0500


Started GET "/assets/jquery_ujs.self-d456baa54c1fa6be2ec3711f0a72ddf7a5b2f34a6b4f515f33767d6207b7d4b3.js?body=1" for ::1 at 2016-01-04 17:23:30 -0500
